[2019-02-27T09:30:03.153Z]	TypeError: C:\Xampp\htdocs\Codebox\views\admin\admin.cards.ejs:21
    19|             <th>Functions</th>
    20|         </tr>
 >> 21|     <% results.forEach(result => {%>
    22|         <tr>
    23|             <td><%= result.name %></td>
    24|             <td><%= result.image %></td>

Cannot read property 'forEach' of undefined
[2019-02-27T09:27:26.513Z]	TypeError: C:\Xampp\htdocs\Codebox\views\admin\admin.cards.ejs:20
    18|             <th>Character</th>
    19|         </tr>
 >> 20|     <% results.forEach(result => {%>
    21|         <tr>
    22|             <td><%= result.name %></td>
    23|             <td><%= result.image %></td>

Cannot read property 'forEach' of undefined
[2019-02-27T09:27:20.319Z]	TypeError: C:\Xampp\htdocs\Codebox\views\admin\admin.cards.ejs:20
    18|             <th>Character</th>
    19|         </tr>
 >> 20|     <% results.forEach(result => {%>
    21|         <tr>
    22|             <td><%= result.name %></td>
    23|             <td><%= result.image %></td>

Cannot read property 'forEach' of undefined
[2019-02-27T09:26:06.141Z]	Error: Failed to lookup view "admin/cards.ejs" in views directory "views"
[2019-02-26T11:55:27.394Z]	Error: Failed to lookup view "admin/edit-site.ejs" in views directory "views"
[2019-02-26T10:11:02.015Z]	TypeError: db.execute is not a function
[2019-02-25T11:34:45.379Z]	Error: Failed to lookup view "admin/profile.ejs" in views directory "views"
[2019-02-15T07:48:18.338Z]	ReferenceError: C:\Xampp\htdocs\Codebox\views\admin\admin.create.ejs:13
    11|         <label for="createForm_subject">Subject</label>
    12|         <select name="createForm_subject" id="createForm_subject">
 >> 13|             <% results.forEach(result => {%>
    14|             <option value="<%= result.list %>"><%= result.list %></option>
    15|             <%}) %>
    16|         </select>

results is not defined
[2019-02-15T07:43:48.382Z]	ReferenceError: C:\Xampp\htdocs\Codebox\views\admin\admin.create.ejs:13
    11|         <label for="createForm_subject">Subject</label>
    12|         <select name="createForm_subject" id="createForm_subject">
 >> 13|             <% results.forEach(result => {%>
    14|             <option value="<%= result.list %>"><%= result.list %></option>
    15|             <%}) %>
    16|         </select>

results is not defined
[2019-02-14T12:32:45.622Z]	Error: Could not find the include file "partials/admin.head.ejs"
[2019-02-14T12:32:03.155Z]	Error: Could not find the include file "admin.partials/head.ejs"
[2019-02-14T12:31:00.396Z]	Error: Could not find the include file "partials/head.ejs"
[2019-02-14T12:30:23.581Z]	Error: Failed to lookup view "admin/create.ejs" in views directory "views"
[2019-02-14T12:29:36.771Z]	Error: Failed to lookup view "admin.create.ejs" in views directory "views"
[2019-02-13T09:28:32.140Z]	ReferenceError: C:\Xampp\htdocs\Codebox\views\login.ejs:4
    2| <% include partials/header.ejs %>
    3| <section>
 >> 4|     <h1><%= title %></h1>
    5|     <form action="/login" method="POST">
    6|         <div>
    7|             <label for="loginForm__username">Brugernavn</label>

title is not defined
[2019-02-13T09:26:28.308Z]	ReferenceError: C:\Xampp\htdocs\Codebox\views\login.ejs:4
    2| <% include partials/header.ejs %>
    3| <section>
 >> 4|     <h1><%= title %></h1>
    5|     <form action="/login" method="POST">
    6|         <div>
    7|             <label for="loginForm__username">Brugernavn</label>

title is not defined
[2019-02-13T09:26:13.145Z]	ReferenceError: C:\Xampp\htdocs\Codebox\views\login.ejs:4
    2| <% include partials/header.ejs %>
    3| <section>
 >> 4|     <h1><%= title %></h1>
    5|     <form action="/login" method="POST">
    6|         <div>
    7|             <label for="loginForm__username">Brugernavn</label>

title is not defined
[2019-02-13T09:25:08.698Z]	ReferenceError: fs is not defined
[2019-02-13T09:23:18.817Z]	ReferenceError: fs is not defined
[2019-02-12T12:05:47.907Z]	TypeError: Cannot read property 'loginForm__username' of undefined
[2019-02-12T12:05:06.580Z]	TypeError: Cannot read property 'username' of undefined
[2019-02-12T12:03:59.033Z]	TypeError: Cannot read property 'loginForm__username' of undefined
[2019-02-12T11:57:31.284Z]	TypeError: Cannot read property 'loginForm__username' of undefined
[2019-02-12T11:57:16.654Z]	TypeError: Cannot read property 'loginForm__username' of undefined
[2019-02-12T11:48:46.469Z]	TypeError: Cannot read property 'username' of undefined
[2019-02-12T11:48:40.726Z]	TypeError: Cannot read property 'username' of undefined
[2019-02-12T11:48:05.293Z]	ReferenceError: db is not defined
[2019-02-12T09:08:07.051Z]	Error: Cannot find module 'users'
[2019-02-12T08:39:47.613Z]	Error: Cannot find module 'users'
[2019-02-12T08:37:20.236Z]	Error: Cannot find module 'users'
[2019-02-12T08:36:22.739Z]	Error: Cannot find module 'users'
[2019-02-12T08:34:16.057Z]	Error: Cannot find module 'users'
[2019-02-12T08:08:11.337Z]	Error: Cannot find module 'users'
[2019-02-12T08:07:32.872Z]	Error: Cannot find module 'users'
[2019-02-12T08:07:17.647Z]	Error: Cannot find module 'users'
[2019-02-12T08:06:35.828Z]	Error: Cannot find module 'users'
[2019-02-12T08:05:03.186Z]	Error: Failed to lookup view "page" in views directory "views"
[2019-02-12T08:04:57.934Z]	Error: Failed to lookup view "page" in views directory "views"
[2019-02-11T09:18:45.158Z]	Error: Failed to lookup view "page" in views directory "views"
[2019-02-11T09:09:21.811Z]	Error: Failed to lookup view "page" in views directory "views"
[2019-02-11T09:08:47.450Z]	Error: Failed to lookup view "page" in views directory "views"
[2019-02-11T09:05:31.461Z]	Error: Failed to lookup view "page" in views directory "views"
[2019-02-11T09:03:14.003Z]	Error: Failed to lookup view "page" in views directory "views"
[2019-02-11T09:02:58.794Z]	Error: Failed to lookup view "page" in views directory "views"
